<?xml version="1.0" encoding="UTF-8"?>
<!-- Generated by org.testng.reporters.JUnitReportReporter -->
<testsuite hostname="DESKTOP-M5LNE6E" failures="0" tests="2" name="com.mycompany.app.HomePage" time="4.403" errors="0" timestamp="2019-12-27T23:36:41 AEDT" skipped="0">
  <testcase classname="com.mycompany.app.HomePage" name="landingPageTest" time="1.214"/>
  <testcase classname="com.mycompany.app.HomePage" name="toDoPageTest" time="3.189"/>
</testsuite> <!-- com.mycompany.app.HomePage -->
