<?xml version="1.0" encoding="UTF-8"?>
<!-- Generated by org.testng.reporters.JUnitReportReporter -->
<testsuite hostname="DESKTOP-M5LNE6E" failures="0" tests="1" name="com.mycompany.app.AppTest" time="0.012" errors="0" timestamp="24 Dec 2019 13:24:43 GMT" skipped="0">
  <testcase classname="com.mycompany.app.AppTest" name="shouldAnswerWithTrue" time="0.012"/>
</testsuite> <!-- com.mycompany.app.AppTest -->
