<?xml version="1.0" encoding="UTF-8"?>
<!-- Generated by org.testng.reporters.JUnitReportReporter -->
<testsuite hostname="DESKTOP-M5LNE6E" failures="0" tests="1" name="com.mycompany.app.AppTest" time="0.006" errors="0" timestamp="27 Dec 2019 11:05:50 GMT" skipped="0">
  <testcase classname="com.mycompany.app.AppTest" name="shouldAnswerWithTrue" time="0.006"/>
</testsuite> <!-- com.mycompany.app.AppTest -->
